<?xml version="1.0" encoding="UTF-8"?>
<!-- Generated by org.testng.reporters.JUnitReportReporter -->
<testsuite hostname="sukeshswathi-PC" name="TestCases.FirstPage" tests="1" failures="0" timestamp="20 Jul 2016 21:24:21 GMT" time="58.005" errors="0">
  <testcase name="LoginBrowser" time="58.005" classname="TestCases.FirstPage"/>
</testsuite> <!-- TestCases.FirstPage -->
